20250108	15:40:55	25cd3477-14e0-4e3b-8fb5-5e30430db526	POST	/users	undefined
20250108	15:47:22	d517fc31-dcfc-4f6e-b7a1-f7fa3e94e7ab	POST	/auth	undefined
20250108	15:49:03	2f50aedf-dff4-4121-9b47-cd928119866e	POST	/auth	undefined
20250108	15:51:52	7bb5d57c-7832-4dc9-9c12-3c70f950af8b	POST	/auth	undefined
20250108	15:53:28	6119807c-37e9-469f-8cb4-d497293d34e5	POST	/auth	undefined
20250108	15:54:35	c0382d91-4339-4aa6-a09f-87afdcb4ab76	POST	/auth	undefined
20250108	15:54:49	1d1f62b3-291c-4c1d-906d-a5ce78aa138e	POST	/auth	undefined
20250108	15:57:28	ea34c71c-ef57-4b13-9fe2-a1a4e4c31e7e	POST	/login	undefined
20250108	16:44:21	57245c50-aac4-4a15-8669-232da0196185	OPTIONS	/auth	http://localhost:3000
20250108	16:44:21	4b936155-bbee-4d19-8b92-0eb0130cc533	POST	/auth	http://localhost:3000
20250108	16:44:21	d3d761c5-1dbd-43dd-9fdc-688220bacd95	OPTIONS	/patients	http://localhost:3000
20250108	16:44:21	3f0fe294-96bb-4c91-8d57-7d3260d68ef2	OPTIONS	/users	http://localhost:3000
20250108	16:44:21	a38917e2-8467-4e00-ae8b-21122c14b39f	GET	/patients	http://localhost:3000
20250108	16:44:21	c9840bf3-34ad-49e4-80e4-59b1b8a0efc8	GET	/users	http://localhost:3000
20250108	16:44:45	1ddbc25a-d7a8-4b0f-a516-40d7c4be1aef	OPTIONS	/patients	http://localhost:3000
20250108	16:44:45	f62d5827-2d33-449f-99ef-1091a97ef135	GET	/patients	http://localhost:3000
20250108	16:44:49	9f2e0621-0bdc-498d-8015-04525ed6e99a	OPTIONS	/auth/logout	http://localhost:3000
20250108	16:44:49	bf32ee13-404e-4429-b421-33b7c0b82072	POST	/auth/logout	http://localhost:3000
20250108	16:51:02	ad82e828-2075-4547-bf1b-6de4b5e362b4	OPTIONS	/auth	http://localhost:3000
20250108	16:51:02	c13f2ffb-8c41-443d-a728-7e428055fa22	POST	/auth	http://localhost:3000
20250108	16:51:03	6ca194d3-3031-4bb4-9ac8-db1188cebc82	OPTIONS	/patients	http://localhost:3000
20250108	16:51:03	995d6e5b-1d92-4843-b263-891b5d94a8a0	OPTIONS	/users	http://localhost:3000
20250108	16:51:03	eb33c398-8594-4128-b374-115a7ea75696	GET	/patients	http://localhost:3000
20250108	16:51:03	58663d25-9641-4a59-8492-0fec5927e085	GET	/users	http://localhost:3000
